     1                                  
     2                                  ; Touch!
     3                                  ; Updates the access time for files. If the file doesn't exist, creates it.
     4                                  ; 
     5                                  ; touch [drive:][path]filename...
     6                                  ;
     7                                  
     8                                  [map all ./lst/touch.map]
     9                                  [DEFAULT REL]
    10                                  BITS 64
    11                                  %include "./inc/dosMacro.mac"
     1                              <1> 
     2                              <1> ;-------------------------------------------------------------------------------
     3                              <1> ;Generic Macros file
     4                              <1> ;The following instruction extensions allow to conditionally return
     5                              <1> ;The idea was borrowed from the DOS Source Code
     6                              <1> ;
     7                              <1> ;-------------------------------------------------------------------------------
     8                              <1> 
     9                              <1> ;-------------------------------------------------------------------------------
    10                              <1> ;These macros are live and must not be touched
    11                              <1> ;-------------------------------------------------------------------------------
    12                              <1> %macro return 0
    13                              <1> %%_ret:
    14                              <1>     ret
    15                              <1> %assign retOff %%_ret-$$  ;Get offset into segment of %%_ret
    16                              <1> %endmacro
    17                              <1> 
    18                              <1> %macro cret 1
    19                              <1> %%_base:
    20                              <1> %assign baseVar %%_base-$$ ;Get offset into segment of %%_base
    21                              <1>     %ifdef retOff
    22                              <1>     %if (baseVar - retOff <= 126) && (baseVar > retOff)
    23                              <1>     %ifdef currSegVBase
    24                              <1>     j%+1 short (retOff+currSegVBase)
    25                              <1>     %else
    26                              <1>     j%+1 short retOff
    27                              <1>     %endif  ;End ifdef currSegVBase
    28                              <1>     %else 
    29                              <1>     j%-1 short %%a
    30                              <1>     return
    31                              <1> %%a:
    32                              <1>     %endif  ;End the distance measurement if
    33                              <1>     %else   
    34                              <1>     j%-1 short %%a
    35                              <1>     return
    36                              <1> %%a:
    37                              <1>     %endif  ;End ifdef retoff
    38                              <1> %endmacro
    39                              <1> 
    40                              <1> %macro retz 0
    41                              <1> cret z
    42                              <1> %endmacro
    43                              <1> 
    44                              <1> %macro retnz 0
    45                              <1> cret nz
    46                              <1> %endmacro
    47                              <1> 
    48                              <1> %macro rete 0
    49                              <1> cret e
    50                              <1> %endmacro
    51                              <1> 
    52                              <1> %macro retne 0
    53                              <1> cret ne
    54                              <1> %endmacro
    55                              <1> 
    56                              <1> %macro retc 0
    57                              <1> cret c
    58                              <1> %endmacro
    59                              <1> 
    60                              <1> %macro retnc 0
    61                              <1> cret nc
    62                              <1> %endmacro
    63                              <1> 
    64                              <1> %macro retb 0
    65                              <1> cret b
    66                              <1> %endmacro
    67                              <1> 
    68                              <1> %macro retnb 0
    69                              <1> cret nb
    70                              <1> %endmacro
    71                              <1> 
    72                              <1> %macro reta 0
    73                              <1> cret a
    74                              <1> %endmacro
    75                              <1> 
    76                              <1> %macro retna 0
    77                              <1> cret na
    78                              <1> %endmacro
    79                              <1> 
    80                              <1> %macro breakpoint 0
    81                              <1> xchg bx, bx
    82                              <1> %endmacro
    12                                  %include "./inc/dosStruc.inc"
     1                              <1> 
     2                              <1> ;-------------------------------------------------------;
     3                              <1> ; This include file contains miscellaneous internal     ;
     4                              <1> ; SCP/DOS structures.                                   ;
     5                              <1> ;-------------------------------------------------------;
     6                              <1> 
     7                              <1> ;------------------------------------------------------------------------;
     8                              <1> ; Each mass storage device up to LASTDRIVE gets a DPB, describing 
     9                              <1> ; its file system structure. This is used to locate files and structures
    10                              <1> ; on the device itself and to translate file requests to cluster chains
    11                              <1> ; to LBAs to pass to the disk driver..
    12                              <1> ; The DPBs form a linked list, with each DPB formed after the devices 
    13                              <1> ; drivers Initialise routine has been called.
    14                              <1> ;------------------------------------------------------------------------;
    15                              <1> struc dpb        ;Drive Parameter Block
    16                              <1> 
    17 00000000 ??                  <1>     .bDriveNumber            db ?  ;Drive number (0=A, 1=B ...)
    18 00000001 ??                  <1>     .bUnitNumber             db ?  ;Unit number in device
    19 00000002 ????                <1>     .wBytesPerSector         dw ?  ;min 512, max 4096
    20 00000004 ??                  <1>     .bMaxSectorInCluster     db ?  ;(Maximum sector in cluster) - 1
    21 00000005 ??                  <1>     .bSectorsPerClusterShift db ?  ;Sectors per cluster exponent
    22 00000006 ????                <1>     .wFAToffset              dw ?  ;Number of reserved sectors in partition
    23 00000008 ??                  <1>     .bNumberOfFATs           db ?  ;Number of FATs
    24 00000009 ????                <1>     .wNumberRootDirEntries   dw ?  ;In 32 byte units, this is 0 for FAT32
    25 0000000B ????????            <1>     .dClusterHeapOffset      dd ?  ;Start sector of data area
    26 0000000F ????????            <1>     .dClusterCount           dd ?  ;Total number of clusters in data area
    27 00000013 ????????            <1>     .dFATlength              dd ?  ;FAT length, in sectors
    28 00000017 ????????            <1>     .dFirstUnitOfRootDir     dd ?  
    29                              <1>     ;Unit=Sector/Cluster of Root Directory (FAT12/16 = Sector, FAT32 = Cluster)
    30 0000001B ????????????????    <1>     .qDriverHeaderPtr        dq ?  ;Pointer to device driver header
    31 00000023 ??                  <1>     .bMediaDescriptor        db ?  ;Media descriptor
    32 00000024 ??                  <1>     .bAccessFlag             db ?  ;Access Flag (0 if accessed, else -1)
    33 00000025 ????????????????    <1>     .qNextDPBPtr             dq ?  ;Pointer to next DPB, -1 if at end
    34 0000002D ????????            <1>     .dFirstFreeCluster       dd ?  ;Starting cluster of free space search
    35 00000031 ????????            <1>     .dNumberOfFreeClusters   dd ?  ;Number of free clusters, -1 unknown
    36                              <1> 
    37                              <1> endstruc
    38                              <1> 
    39                              <1> fat12MaxClustCnt    equ 4085    ;Cluster count less than this is FAT12
    40                              <1> fat16MaxClustCnt    equ 65525   ;Cluster count less than this is FAT16
    41                              <1> ;------------------------------------------------------------------------;
    42                              <1> ; Each mass storage device up to LASTDRIVE has a CDS associated with it.
    43                              <1> ; All disk pathing requests go via the CDS for that drive.
    44                              <1> ; The default drive is the last accessed drive, this number is stored
    45                              <1> ; in the DOS data area.
    46                              <1> ; The CDS is stored as an array with the offset into the array being 
    47                              <1> ; given by the drive letter's offset into the alphabet (with A=0).
    48                              <1> ;
    49                              <1> ; DEFAULT LASTDRIVE=E, MINIMUM LASTDRIVE=B
    50                              <1> ;------------------------------------------------------------------------;
    51                              <1> struc cds       ;Current Directory structure
    52 00000000 <res 43h>           <1>     .sCurrentPath        db 67 dup (?)    ;Current Directory Path String
    53 00000043 ????                <1>     .wFlags              dw ?   ;CDS Flags - 
    54 00000045 ????????????????    <1>     .qDPBPtr             dq ?   ;Ptr to the DPB of the dev using this CDS
    55 0000004D ????????            <1>     .dStartCluster       dd ?   ;Starting cluster of the directory on disk
    56 00000051 ????????????????    <1>     .qIFSPtr             dq ?   ;Reserved for IFS driver expansions
    57 00000059 ????????            <1>     .dNetStore           dd ?   ;For storing a owner dword for IFS (21h/5F03h)
    58 0000005D ????                <1>     .wBackslashOffset    dw ?   ;How many chars to skip for getting the path
    59                              <1> ; currentPath (usually 2 to skip C: in C:\, but when SUBSTing a drive letter to 
    60                              <1> ; another, we save the number of chars to skip to that deep level).
    61                              <1> ; I.E. if we SUBST A:\DOS G: then this value for the CDS for drive G is 6
    62                              <1> ; Only affects for SUBST drives, not JOIN
    63                              <1> ; Flags: Bit 15 set = Network drive
    64                              <1> ;        Bit 14 set = Physical drive
    65                              <1> ;        Bit 13 set = JOIN'ed drive
    66                              <1> ;        Bit 12 set = SUBST'ed drive
    67                              <1> ;        Bit 7  set = Redirected, not net. drive (This is how MSCDEX worked)
    68                              <1> endstruc
    69                              <1> ;CDS equates
    70                              <1> cdsRedirDrive   equ 8000h   ;All drives which use the Redirector interface
    71                              <1> cdsValidDrive   equ 4000h   ;CDS valid
    72                              <1> cdsJoinDrive    equ 2000h   ;CDS for joined drives
    73                              <1> cdsSubstDrive   equ 1000h   ;Drives formed by Subst
    74                              <1> cdsRdirLocDrive equ 0080h   ;Redirector but Local
    75                              <1> ;------------------------------------------------------------------------;
    76                              <1> ; The SFT is a way to allow applications to open file handles to files 
    77                              <1> ; and devices. As things stand, the SFT chain will have 5 file handles
    78                              <1> ; under the first header, and then a second header will be linked to the 
    79                              <1> ; first one after CONFIG.SYS has been read, to allow for FILES= to specify
    80                              <1> ; a size for the second SFT (default 10 files). Same for System FCBs, 
    81                              <1> ; using the FCBS= command. Default FCBS=5.
    82                              <1> ;
    83                              <1> ; A file handle describes the file, and the location within the file that
    84                              <1> ; we are reading. The file handle can be manipulated without the file
    85                              <1> ; being in memory, thus allowing the user to access data without needing 
    86                              <1> ; to take up large portions of memory. Similarly, file handles allow for
    87                              <1> ; accessing devices, by treating them as files with their drivers 
    88                              <1> ; responding and translating the manipulations of the file handle itself.
    89                              <1> ; Neither the driver nor the application should see or use the SFT for
    90                              <1> ; the handle, as it is subject to change (and will change when file 
    91                              <1> ; sharing provisions are included). The DOS will make requests to the 
    92                              <1> ; driver in a generic way and the driver will respond, with DOS keeping
    93                              <1> ; track of the information in the SFT entry for that handle. 
    94                              <1> ;
    95                              <1> ; One SFT entry can have multiple handles and multiple SFT entries
    96                              <1> ; can point to the same file. It all depends on what the applications 
    97                              <1> ; want to do with the File.
    98                              <1> ;
    99                              <1> ; !!!!IMPORTANT!!!!
   100                              <1> ; Currently there are plans for File Sharing, but I include minimal 
   101                              <1> ; provisions for it. I really just wanna get a DOS out the door.
   102                              <1> ;
   103                              <1> ;Each SFT may look like this:
   104                              <1> ;sysvars-->sfth------------>sfth------------>|ENDOFLIST|
   105                              <1> ;            |                |
   106                              <1> ;       wNumFiles*sft    wNumFiles*sft
   107                              <1> ;
   108                              <1> ; Two SFT chains are built; one for files, and a one for so called 
   109                              <1> ; System FCBs.
   110                              <1> ;
   111                              <1> ; Each SFT header has an array of SFT's below it, with the number of 
   112                              <1> ; SFTs given by wNumFiles. The SFT headers form a linked list.
   113                              <1> ;
   114                              <1> ; DEFAULT FILES=8, MINIMUM FILES=5
   115                              <1> ; DEFAULT FCBS=5,  MINIMUM FCBS=5
   116                              <1> ;------------------------------------------------------------------------;
   117                              <1> struc sfth   ;System file table header
   118                              <1> ; This is the SFT header.
   119                              <1> ; This structure comes before the start of the first file in the array/table.
   120 00000000 ????????????????    <1>     .qNextSFTPtr dq ?    ;Pointer to the next SFT
   121 00000008 ????                <1>     .wNumFiles   dw ?    ;Number of files in this table
   122                              <1> endstruc
   123                              <1> 
   124                              <1> struc sft
   125                              <1> ;This is the file struc itself
   126 00000000 ????                <1>     .wNumHandles dw ?    ;Number of handles pointing to this file
   127 00000002 ????                <1>     .wOpenMode   dw ?    ;File access permissions and behvaiours
   128 00000004 ??                  <1>     .bFileAttrib db ?    ;Regular File Attributes
   129 00000005 ????                <1>     .wDeviceInfo dw ?    ;Includes unit number if a block device
   130 00000007 ????????????????    <1>     .qPtr        dq ?    ;IF char, ptr to device driver header, ELSE DPBptr
   131 0000000F ????????            <1>     .dStartClust dd ?    ;Start cluster of file pointed to by SFT entry
   132 00000013 ????                <1>     .wTime       dw ?    ;File Time, updated on open and writes
   133 00000015 ????                <1>     .wDate       dw ?    ;File Date, updated on open and writes
   134 00000017 ????????            <1>     .dFileSize   dd ?    ;File Size, in bytes
   135 0000001B ????????            <1>     .dCurntOff   dd ?    ;Current Offset pointed to by SFT entry, in bytes
   136 0000001F ????????            <1>     .dRelClust   dd ?    ;Rel cluster pointed to by SFT entry
   137 00000023 ????????            <1>     .dAbsClusr   dd ?    ;Absolute cluster pointed to by SFT entry
   138 00000027 ????????????????    <1>     .qDirSect    dq ?    ;Abs number of sector containing directory entry 
   139 0000002F ??                  <1>     .bNumDirEnt  db ?    ;Directory entry within dir sector (byte offset/32)
   140 00000030 <res Bh>            <1>     .sFileName   db 11 dup (?)   ;8.3 Filename
   141 0000003B ????????????????    <1>     .qSharePtr   dq ?    ;SHARE pointer to previous SFT sharing same file
   142 00000043 ????                <1>     .wMachNum    dw ?    ;SHARE number of network machine opening file
   143 00000045 ????????????????    <1>     .qPSPOwner   dq ?    ;Addr of PSP of program which first opened this file
   144 0000004D ????                <1>     .wShareRec   dw ?    ;offset within SHARE code segment of sharing record
   145                              <1> ;                           0 means no record
   146                              <1> endstruc
   147                              <1> ;Open Mode equates
   148                              <1> ;Access modes   Bits[2:0]
   149                              <1> ReadAccess      equ 0h
   150                              <1> WriteAccess     equ 1h
   151                              <1> RWAccess        equ 2h
   152                              <1> ;Bit 3 reserved 0
   153                              <1> ;Sharing modes  Bits[6:4]
   154                              <1> CompatShare     equ 0h
   155                              <1> denyRWShare     equ 10h
   156                              <1> denyWriteShare  equ 20h
   157                              <1> denyReadShare   equ 30h
   158                              <1> denyNoneShare   equ 40h
   159                              <1> ;NetFCB is for files open by a local server, handling IO from a remote
   160                              <1> ; client by proxy opened by an FCB! Sets the Net bit to indicate this. 
   161                              <1> ;Thus, this is a handle with no JFT entry! Server handles its own JFT!
   162                              <1> netFCBShare     equ 70h     
   163                              <1> noInherit       equ 80h
   164                              <1> ;Bits 8-12 reserved 0
   165                              <1> ;Fancy open mode bits
   166                              <1> diskFullFail    equ 2000h   ;Reserved: If set, trigger Int 24h on disk full.
   167                              <1> noBufferWrites  equ 4000h   ;Reserved: If set, flush after each buffer write.
   168                              <1> ;Once share is loaded, if a local FCB open occurs, mark the sft as so.
   169                              <1> FCBopenedFile   equ 8000h   ;If set, file is opened by FCB, else handle based.
   170                              <1> 
   171                              <1> ;Attribute Byte
   172                              <1> readOnlyFile    equ 1h
   173                              <1> hiddenFile      equ 2h
   174                              <1> systemFile      equ 4h
   175                              <1> volLabelFile    equ 8h
   176                              <1> directoryFile   equ 10h ;Directory entry
   177                              <1> archiveFile     equ 20h
   178                              <1> charFile        equ 40h ;Reserved, never found in dir
   179                              <1> ;Device Info equates
   180                              <1> ;For a block device, bits [5:0] contain the drive number
   181                              <1> charDevConIn    equ 1h  ;If set, device is CON input
   182                              <1> charDevConOut   equ 2h  ;If set, device is CON output
   183                              <1> charDevNulDev   equ 4h  ;If set, device is NULL device
   184                              <1> charDevClockDev equ 8h  ;If set, device is CLOCK device
   185                              <1> charDevFastOut  equ 10h ;If set, device supports INT 29h
   186                              <1> charDevBinary   equ 20h ;If set, r/w char device in Binary mode!!!
   187                              <1> charDevNoEOF    equ 40h ;If set, no EOF when reading from device!!
   188                              <1> blokFileNoFlush equ 40h ;Set if file is synchronised with hard store!
   189                              <1> devCharDev      equ 80h ;If set, it is a char device!
   190                              <1> charDevNetSpool equ 800h    ;If set, device is a network spooler
   191                              <1> devNoInherit    equ 1000h   ;If set, handle not inherited by child processes
   192                              <1> charDevNamePipe equ 2000h   ;If set, device is a named pipe
   193                              <1> blokNoDTonClose equ 4000h   ;If set, dont update date and time when closing
   194                              <1> devRedirDev     equ 8000h   ;If set, dev/file is redirected!
   195                              <1>  
   196                              <1> ;------------------------------------------------------------------------;
   197                              <1> ; Buffers allow for buffered drive IO, by first transferring a sector 
   198                              <1> ; to an internal buffer, and then copying it to the specified location
   199                              <1> ; in memory. The buffer is kept in the buffer chain,  in the event that 
   200                              <1> ; another request for the same sector from the same device is made, so 
   201                              <1> ; that is can be read from the device directly. Buffers are uniform in 
   202                              <1> ; size, selected according to the largest detected sector size during 
   203                              <1> ; the initial loadup.
   204                              <1> ;
   205                              <1> ; The buffer pointer in SysVars points to most recently used Buffer
   206                              <1> ;
   207                              <1> ; DEFAULT BUFFERS=30, MINIMUM BUFFERS=2
   208                              <1> ;------------------------------------------------------------------------;
   209                              <1> 
   210                              <1> struc bufferHdr
   211 00000000 ????????????????    <1>     .nextBufPtr  dq  ?   ;Pointer to the next buffer in the chain or -1 at end
   212                              <1>     .wDrvNumFlg:         ;Read as a word to get the following two bytes!
   213 00000008 ??                  <1>     .driveNumber db  ?   ;Drive number the buffer is used for (or -1 for free)
   214 00000009 ??                  <1>     .bufferFlags db  ?   ;Standard Flags
   215 0000000A ????????????????    <1>     .bufferLBA   dq  ?   ;LBA the buffer contains
   216 00000012 ??                  <1>     .bufFATcopy  db  ?   ;Number of copies of the FAT to write (1 if non-FAT)
   217 00000013 ????????            <1>     .bufFATsize  dd  ?   ;Number of sectors per FAT (or 0 if non-FAT)
   218 00000017 ????????????????    <1>     .driveDPBPtr dq  ?   ;Pointer to the device DPB block
   219 0000001F ??                  <1>     .reserved    db  ?   ;Alignment byte
   220                              <1>     .dataarea:             ;Points to the start of the data area
   221                              <1> endstruc
   222                              <1> ;Buffer Flag equates
   223                              <1> dosBuffer   equ 1h  ;Sector 0 (BPB/VPB) in buffer
   224                              <1> fatBuffer   equ 2h  ;FAT sector in buffer
   225                              <1> dirBuffer   equ 4h  ;Directory sector in buffer
   226                              <1> dataBuffer  equ 8h  ;File Data sector in buffer
   227                              <1> refBuffer   equ 20h ;Data in buffer has been referenced by an application
   228                              <1> dirtyBuffer equ 40h ;Data in buffer modified by an application
   229                              <1> freeBuffer  equ 00FFh   ;A word which goes into the drive number to clear both fields
   230                              <1> ;Note! A buffer is marked as referenced when the buffer is "obtained" by a syscall
   231                              <1> ;------------------------------------------------------------------------;
   232                              <1> ; Memory control block for each memory arena
   233                              <1> ;------------------------------------------------------------------------;
   234                              <1> struc mcb
   235 00000000 ??                  <1>     .marker     db ?  ;M = Member of the MCB chain. Z = Last member
   236 00000001 ????????????????    <1>     .owner      dq ?  ;Owning application PSP (para aligned) or 0 for free
   237 00000009 ????????            <1>     .blockSize  dd ?  ;Number of contiguous paragraphs owned by this block
   238                              <1>     ;The following byte is reserved outside of sysinit
   239 0000000D ??                  <1>     .subSysMark db ?  ;Marks the optional DOS subsystem of the MCB
   240 0000000E ????                <1>     .reserved   db 2 dup (?) 
   241                              <1>     .program:
   242                              <1> endstruc
   243                              <1> ;MCB equates
   244                              <1> mcbOwnerHole    equ 7   ;Owner = 7 => Memory hole, always fail free/realloc
   245                              <1> mcbOwnerFree    equ 0   ;Owner = 0 => Free and available space
   246                              <1> mcbOwnerDOS     equ 8   ;Owner = 8 => Owned by DOS
   247                              <1> mcbOwnerNewDOS  equ 9   ;Owner = 9 => New Kernel driver alloc. Needs setting to 8.
   248                              <1> mcbMarkCtn      equ "M"
   249                              <1> mcbMarkEnd      equ "Z"
   250                              <1> ;The following are used on MCB's that belong to DOS, that are not part of the
   251                              <1> ; main kernel (i.e. the CONFIG.SYS optional parts).
   252                              <1> mcbSubDriver    equ "D" ;Any memory allocated for a device driver's code.
   253                              <1> mcbSubDrvExtra  equ "L" ;Any memory allocated by a device driver.
   254                              <1> mcbSubDrvDPB    equ "P" ;Blocks used for DPB's are marked so.
   255                              <1> mcbSubIFS       equ "I" ;Unused for now
   256                              <1> mcbSubFiles     equ "F" ;Any memory allocated for Files.
   257                              <1> mcbSubFCBS      equ "X" ;Unused for now
   258                              <1> mcbSubBuffers   equ "B" ;Any memory allocated for Buffers.
   259                              <1> mcbSubCDS       equ "L" ;Any memory allocated to store a CDS.
   260                              <1> mcbSubStacks    equ "S" ;Unused for now
   261                              <1> 
   262                              <1> 
   263                              <1> memFirstFit     equ 0   ;First free block goes to application
   264                              <1> memBestFit      equ 1   ;Block whos size closest matches requirement
   265                              <1> memLastFit      equ 2   ;Last free block goes to application
   266                              <1> 
   267                              <1> ;Owner = Para aligned address => Owning application PSP
   268                              <1> ;...To consider...
   269                              <1> ;Owner = Non-para aligned address => Error? Should maybe lock up system?
   270                              <1> ;blockSize counts the number of paragraphs FROM .program TO THE NEXT MCB!
   271                              <1> ;------------------------------------------------------------------------;
   272                              <1> ; For Int 21h, the callers registers are saved on their stack in the 
   273                              <1> ; following order, thus allowing for return values to be placed in the 
   274                              <1> ; registers by accessing the caller register stack frame.
   275                              <1> ;------------------------------------------------------------------------;
   276                              <1> struc callerFrame
   277 00000000 ????????????????    <1>     .rax    dq ?  ;Bottom of frame, pointer to rax saved in oldRSP
   278 00000008 ????????????????    <1>     .rbx    dq ?    
   279 00000010 ????????????????    <1>     .rcx    dq ?
   280 00000018 ????????????????    <1>     .rdx    dq ?
   281 00000020 ????????????????    <1>     .rsi    dq ?
   282 00000028 ????????????????    <1>     .rdi    dq ?
   283 00000030 ????????????????    <1>     .rbp    dq ?
   284 00000038 ????????????????    <1>     .r8     dq ?  ;To be removed if truly not needed
   285 00000040 ????????????????    <1>     .r9     dq ?
   286                              <1> ;Pushed by Processor when invoked via Interrupt
   287 00000048 ????????????????    <1>     .rip    dq ?
   288 00000050 ????????????????    <1>     .cs     dq ?
   289 00000058 ????????????????    <1>     .flags  dq ?
   290                              <1> endstruc
   291                              <1> 
   292                              <1> struc dpl
   293                              <1> ;DOS parameter list, pointer to this stack is passed to DOS in rdx on
   294                              <1> ; server calls
   295 00000000 ????????????????    <1>     .rax    dq ?
   296 00000008 ????????????????    <1>     .rbx    dq ?
   297 00000010 ????????????????    <1>     .rcx    dq ?
   298 00000018 ????????????????    <1>     .rdx    dq ?
   299 00000020 ????????????????    <1>     .rsi    dq ?
   300 00000028 ????????????????    <1>     .rdi    dq ?
   301 00000030 ????????????????    <1>     .r8     dq ?
   302 00000038 ????????????????    <1>     .r9     dq ?
   303 00000040 ????????????????    <1>     .align  dq ?
   304 00000048 ????????????????    <1>     .compID dq ?  ;Computer id, low word used only
   305 00000050 ????????????????    <1>     .procID dq ?  ;Process ID
   306                              <1> endstruc
   307                              <1> 
   308                              <1> struc cfgFrame  ;Frame used for config.sys parsing
   309 00000000 ????????????????    <1>     .oldRBP         dq ?  ;Ptr to DOSSEG
   310 00000008 ????????????????    <1>     .newBuffers     dq ?  ;New buffers value
   311 00000010 ????????????????    <1>     .newSFTVal      dq ?
   312 00000018 ????????????????    <1>     .newFCBSVal     dq ?
   313 00000020 ????????????????    <1>     .newProtFCBSVal dq ?  ;Number of protected FCBS
   314 00000028 ????????????????    <1>     .newLastdrive   dq ?
   315 00000030 ????????????????    <1>     .newStacks      dq ?  ;Ignored for now
   316 00000038 ????????????????    <1>     .newStackSize   dq ?  ;Ignored for now
   317 00000040 ????????????????    <1>     .cfgHandle      dq ?  ;CONFIG.SYS handle
   318 00000048 ????????????????    <1>     .lastLine       dq ?  ;Set if the last line is current
   319 00000050 ????????????????    <1>     .linePtr        dq ?  ;Ptr to line buffer of line being processed
   320 00000058 ????????????????    <1>     .driverBreak    dq ?  ;Ptr to the pathname terminator 
   321 00000060 ????????????????    <1>     .breakChar      dq ?  ;Char that was replaced by null for terminator
   322                              <1> endstruc
   323                              <1> 
   324                              <1> struc filename
   325                              <1> ;8.3 File name struct
   326 00000000 ????????????????    <1>     .fName  db 8 dup (?)
   327 00000008 ??????              <1>     .fExt   db 3 dup (?)
   328                              <1> endstruc
   329                              <1> 
   330                              <1> struc ffBlock   ;The structure of the Find First structure at the DTA
   331 00000000 ??                  <1>     .driveNum   db ?  ;Drive we are searching on, 1 based number
   332 00000001 <res Bh>            <1>     .template   db 11 dup (?) ;Search template (? meaning anything)
   333 0000000C ??                  <1>     .attrib     db ?  ;Search attribute
   334 0000000D ????????            <1>     .dirOffset  dd ?  ;32 byte entry within dir cluster
   335 00000011 ????????            <1>     .parDirClus dd ?  ;Parent Directory Cluster number
   336 00000015 ??                  <1>     .attribFnd  db ?  ;Attrib of file found
   337 00000016 ????                <1>     .fileTime   dw ?  ;File time
   338 00000018 ????                <1>     .fileDate   dw ?  ;File date
   339 0000001A ????????            <1>     .fileSize   dd ?  ;Number of bytes
   340 0000001E <res Dh>            <1>     .asciizName db 13 dup (?) ;ASCIIZ name with dot and terminating nul
   341                              <1> endstruc
   342                              <1> 
   343                              <1> 
   344                              <1> dfltJFTsize equ 20  ;Default size of PSP JFT
   345                              <1> struc psp
   346 00000000 ????                <1>     .return     db 2 dup (?)  ;Should always be CDh 20h, same place as DOS
   347 00000002 ????????            <1>     .allocSize  dd ?  ;Number of paras in init alloc or when exiting as TSR.
   348 00000006 ????????            <1>                 dd ?  ;Reserved 4 bytes
   349 0000000A ????????????????    <1>     .oldInt22h  dq ?  ;Int 22h pointer on overlay load
   350 00000012 ????????????????    <1>     .oldInt23h  dq ?  ;Int 23h pointer on overlay load
   351 0000001A ????????????????    <1>     .oldInt24h  dq ?  ;Int 24h pointer on overlay load
   352 00000022 ????????????????    <1>     .parentPtr  dq ?  ;Pointer to parent process PSP
   353                              <1> ;If jftSize > 20, then the QWORD at .jobFileTbl becomes a pointer
   354                              <1> ; to the actual in use JFT and the other 12 bytes are left undefined.
   355                              <1> ;If jftSize < 20 (DOS will never set it so), then it is considered as 20
   356                              <1> ;If the user tries to reduce handle count to 20 or less, then the PSP JFT is 
   357                              <1> ; always used and jftSize.
   358                              <1>     .externalJFTPtr:    ;Ptr to external JFT array (first byte AFTER MCB)
   359 0000002A <res 14h>           <1>     .jobFileTbl db dfltJFTsize dup (?) ;Main File handle array, JFT
   360 0000003E ????????????????    <1>     .envPtr     dq ?  ;Pointer to the environment
   361 00000046 ????????????????    <1>     .rspPtr     dq ?  ;Pointer to rsp on entry to Int 21h
   362 0000004E ????                <1>     .jftSize    dw ?  ;JFT array size, 20 => PSP JFT in use
   363 00000050 ??????              <1>     .unixEntry  db 3 dup (?)  ;Must always be CDh 21h CBh, same place as DOS
   364 00000053 ????????????????    <1>     .prevPSP    dq ?  ;Pointer to the previous PSP in chain (used by SHARE)
   365 0000005B ??                  <1>                 db ?  ;Reserved byte
   366                              <1> ;The below are in the same place as in DOS.
   367                              <1>     .cmdLineArgPtr: ;Symbol for future use
   368 0000005C <res 10h>           <1>     .fcb1       db 16 dup (?)  ;First FCB,    argument 1 
   369 0000006C <res 14h>           <1>     .fcb2       db 20 dup (?)  ;Second FCB,   argument 2
   370                              <1>     .dta:   ;Pointer to the default DTA in the PSP
   371 00000080 ??                  <1>     .parmList   db ?   ;Number of characters in command tail
   372 00000081 <res 7Fh>           <1>     .progTail   db 127 dup (?) ;Default DTA/Program tail
   373                              <1> endstruc
   374                              <1> 
   375                              <1> struc clkStruc
   376 00000000 ????                <1>     .dateWord   dw ?
   377 00000002 ??                  <1>     .minutes    db ?
   378 00000003 ??                  <1>     .hours      db ?
   379 00000004 ??                  <1>     .hseconds   db ?  ;Hundreths of seconds
   380 00000005 ??                  <1>     .seconds    db ?
   381                              <1> endstruc
   382                              <1> 
   383                              <1> 
   384                              <1> struc extCtryStruc
   385 00000000 ??                  <1>     .infoIDCode db ?    ;Information ID code (01h)
   386 00000001 ????                <1>     .strucSize  dw ?    ;Length of the structure  (42 or less)
   387 00000003 ????                <1>     .ctryID     dw ?    ;Country ID number
   388 00000005 ????                <1>     .cpNumber   dw ?    ;Code page number
   389 00000007 ????                <1>     .dtfmt      dw ?    ;Date time format (2 bytes)
   390                              <1>                         ;0 = month day year hh:mm:ss
   391                              <1>                         ;1 = day month year hh:mm:ss
   392                              <1>                         ;2 = year month day hh:mm:ss
   393 00000009 ??????????          <1>     .curr       db 5 dup (?)   ;ASCIIZ Currency symbol (5 chars)
   394 0000000E ????                <1>     .thouSep    db 2 dup (?)   ;ASCIIZ Thousands separator
   395 00000010 ????                <1>     .dcmlSep    db 2 dup (?)   ;ASCIIZ Decimal separator
   396 00000012 ????                <1>     .dateSep    db 2 dup (?)   ;ASCIIZ Date separator
   397 00000014 ????                <1>     .timeSep    db 2 dup (?)   ;ASCIIZ Time separator
   398 00000016 ??                  <1>     .currFmt    db ?    ;Currency Format
   399                              <1>                         ;0 = Symbol leads, without space
   400                              <1>                         ;1 = Symbol follows, without space
   401                              <1>                         ;2 = Symbol leads, one space
   402                              <1>                         ;3 = Symbol follows, one space
   403                              <1>                         ;4 = Symbol replace decimal separator
   404 00000017 ??                  <1>     .digtdpt    db ?    ;Number of digits after the decimal point
   405 00000018 ??                  <1>     .timefmt    db ?    ;Time format, Bit 0 = 0 => 12 hour, = 1 => 24 hour clock
   406 00000019 ????????????????    <1>     .mapptr     db 8 dup (?)  ;Case map address (0 is nulptr), needs fixing up
   407 00000021 ????                <1>     .dataSep    db 2 dup (?)  ;Data list separator
   408 00000023 <res Ah>            <1>     .resv       db 10 dup (?) ;Reserve 10 bytes
   409                              <1> endstruc
   410                              <1> 
   411                              <1> struc countryStruc
   412 00000000 ????                <1>     .dtfmt      dw ?    ;Date time format (2 bytes)
   413                              <1>                         ;0 = month day year hh:mm:ss
   414                              <1>                         ;1 = day month year hh:mm:ss
   415                              <1>                         ;2 = year month day hh:mm:ss
   416 00000002 ??????????          <1>     .curr       db 5 dup (?)   ;ASCIIZ Currency symbol (5 chars)
   417 00000007 ????                <1>     .thouSep    db 2 dup (?)   ;ASCIIZ Thousands separator
   418 00000009 ????                <1>     .dcmlSep    db 2 dup (?)   ;ASCIIZ Decimal separator
   419 0000000B ????                <1>     .dateSep    db 2 dup (?)   ;ASCIIZ Date separator
   420 0000000D ????                <1>     .timeSep    db 2 dup (?)   ;ASCIIZ Time separator
   421 0000000F ??                  <1>     .currFmt    db ?    ;Currency Format
   422                              <1>                         ;0 = Symbol leads, without space
   423                              <1>                         ;1 = Symbol follows, without space
   424                              <1>                         ;2 = Symbol leads, one space
   425                              <1>                         ;3 = Symbol follows, one space
   426                              <1>                         ;4 = Symbol replace decimal separator
   427 00000010 ??                  <1>     .digtdpt    db ?    ;Number of digits after the decimal point
   428 00000011 ??                  <1>     .timefmt    db ?    ;Time format, Bit 0 = 0 => 12 hour, = 1 => 24 hour clock
   429 00000012 ????????????????    <1>     .mapptr     db 8 dup (?)  ;Case map address (0 is nulptr), needs fixing up
   430 0000001A ????                <1>     .dataSep    db 2 dup (?)  ;Data list separator
   431 0000001C <res Ah>            <1>     .resv       db 10 dup (?) ;Reserve 10 bytes
   432                              <1> endstruc
   433                              <1> 
   434                              <1> ;Critical Error AH bitfield equates
   435                              <1> critRead    equ 0h
   436                              <1> critWrite   equ 1h
   437                              <1> critDOS     equ 0h
   438                              <1> critFAT     equ 2h
   439                              <1> critDir     equ 4h
   440                              <1> critData    equ 6h
   441                              <1> critFailOK  equ 8h
   442                              <1> critRetryOK equ 10h
   443                              <1> critIgnorOK equ 20h
   444                              <1> critCharDev equ 80h
   445                              <1> 
   446                              <1> critIgnore  equ 0
   447                              <1> critRetry   equ 1
   448                              <1> critAbort   equ 2
   449                              <1> critFail    equ 3
   450                              <1> 
   451                              <1> ;MISC ASCII control chars
   452                              <1> NUL equ 00h ;^@         | ASCII Null
   453                              <1> ETX equ 03h ;^C         | ASCII Break (End of Text) 
   454                              <1> ACK equ 06h ;^F         | ASCII Acknowledgement
   455                              <1> BEL equ 07h ;^G         | ASCII Bell
   456                              <1> BSP equ 08h ;^H         | ASCII Backspace
   457                              <1> TAB equ 09h ;^I         | ASCII Horizontal Tab
   458                              <1> LF  equ 0Ah ;^J         | ASCII Line Feed
   459                              <1> CR  equ 0Dh ;^M         | ASCII Carriage Return
   460                              <1> DLE equ 10h ;^P         | ASCII Data Link End (Toggle Print Echo)
   461                              <1> DC3 equ 13h ;^S         | ASCII Device Control 3 (Toggle Scroll Lock)
   462                              <1> DC4 equ 14h ;^T         | ASCII Device Control 4
   463                              <1> NAK equ 15h ;^U         | ASCII Negative Acknowledgement
   464                              <1> ETB equ 17h ;^W         | ASCII End of Transmission Block
   465                              <1> EOF equ 1Ah ;^Z         | ASCII Substitute character (End of File)
   466                              <1> ESC equ 1Bh ;           | ASCII Escape char, used for ANSI.SYS
   467                              <1> SPC equ 20h ;Printable  | ASCII Space
   468                              <1> ;This last one is NEVER printed with a caret as it is a console control char
   469                              <1> DEL equ 7Fh ;^?         | ASCII Rubout (Del char and dec cursor)
   470                              <1> 
   471                              <1> asciiCaret  equ 20h ;Used to check which chars need to be printed with caret
   472                              <1> ;Extended Ascii Codes
   473                              <1> eF1     equ 3Bh ;F1 second byte
   474                              <1> eF2     equ 3Ch ;F2 second byte
   475                              <1> eF3     equ 3Dh ;F3 second byte
   476                              <1> eF4     equ 3Eh ;F4 second byte
   477                              <1> eF5     equ 3Fh ;F5 second byte
   478                              <1> eF6     equ 40h ;F6 second byte
   479                              <1> eF7     equ 41h ;F7 second byte
   480                              <1> eCursL  equ 4Bh ;Cursor Left second byte
   481                              <1> eCursR  equ 4Dh ;Cursor Right second byte
   482                              <1> eIns    equ 52h ;Insert second byte
   483                              <1> eDel    equ 53h ;DEL second byte (not necessarily delete key)
   484                              <1> 
   485                              <1> ;Default Configuration for the system
   486                              <1> 
   487                              <1> buffersDefault  equ 30
   488                              <1> filesDefault    equ 20
   489                              <1> fcbsDefault     equ 4
   490                              <1> safeFcbsDeflt   equ 0
   491                              <1> lastDriveDeflt  equ 5   
   492                              <1> 
   493                              <1> ;ASCII char property table equates. If such a bit is clear in signature in table
   494                              <1> ; then the char has this property.
   495                              <1> badChar     equ 1   ;Bad ASCIIZ filename char
   496                              <1> termChar    equ 2   ;Terminator char type
   497                              <1> sepChar     equ 4   ;Separator char type
   498                              <1> badFCBChar  equ 8   ;FCB filename char
   499                              <1> 
   500                              <1> struc fatDirEntry
   501                              <1> 
   502 00000000 <res Bh>            <1>     .name       db 11 dup (?) ;8.3 File Name w/o fullstop
   503 0000000B ??                  <1>     .attribute  db ?  ;Usual attributes
   504 0000000C ??                  <1>     .ntRes      db ?  ;Reserved 0
   505 0000000D ??                  <1>     .crtTimeT   db ?  ;Count of tenths of a second of file creation time <=199
   506 0000000E ????                <1>     .crtTime    dw ?  ;Creation time, granularity of 2 seconds
   507 00000010 ????                <1>     .crtDate    dw ?  ;Creation date
   508 00000012 ????                <1>     .lastAccDat dw ?  ;Last Read/Write date, not 100% supported (consider later)
   509 00000014 ????                <1>     .fstClusHi  dw ?  ;Hi word of 1st data cluster for file/dir, 0 on FAT12/16
   510 00000016 ????                <1>     .wrtTime    dw ?  ;Last modification (write) time
   511 00000018 ????                <1>     .wrtDate    dw ?  ;Last modification (write) date
   512 0000001A ????                <1>     .fstClusLo  dw ?  ;Lo word of 1st data cluster for file/dir
   513 0000001C ????????            <1>     .fileSize   dd ?  ;32-bit quantity with size of file described by entry
   514                              <1> 
   515                              <1> endstruc
    13                                  %include "./inc/dosError.inc"
     1                              <1> ;DOS Error codes
     2                              <1> 
     3                              <1> ;Extended Error Codes
     4                              <1> errInvFnc   equ 1   ;Invalid function number
     5                              <1> errFnf      equ 2   ;File not found
     6                              <1> errPnf      equ 3   ;Path not found
     7                              <1> errNhl      equ 4   ;Too many open handles, no handles left
     8                              <1> errAccDen   equ 5   ;Access denied (to resource)
     9                              <1> errBadHdl   equ 6   ;Invalid handle
    10                              <1> errMCBbad   equ 7   ;MCB's destroyed
    11                              <1> errNoMem    equ 8   ;Insufficient memory
    12                              <1> errMemAddr  equ 9   ;Invalid Memory Block Address
    13                              <1> errBadEnv   equ 10  ;Invalid environment
    14                              <1> errBadFmt   equ 11  ;Invalid format (path etc)
    15                              <1> errAccCde   equ 12  ;Invalid Access Code    ?
    16                              <1> errInvDat   equ 13  ;Invalid data
    17                              <1> ;           equ 14  ;Reserved
    18                              <1> errBadDrv   equ 15  ;Invalid drive specified
    19                              <1> errDelCD    equ 16  ;Attempt to delete the current directory
    20                              <1> errDevUnk   equ 17  ;Not the same device (Device Unknown)
    21                              <1> errNoFil    equ 18  ;No more files, no match found
    22                              <1> ;The following are Driver error codes + 19
    23                              <1> drvErrShft  equ 19  ;Used to shift Driver error codes to extended error codes
    24                              <1> errWpd      equ 19  ;Attempt to write on write protected disk
    25                              <1> errUnkUnt   equ 20  ;Unknown Unit
    26                              <1> errDrvNR    equ 21  ;Drive not ready
    27                              <1> errUnkCmd   equ 22  ;Unknown Command
    28                              <1> errCRCerr   equ 23  ;Data (CRC) error
    29                              <1> errBadRLn   equ 24  ;Bad request structure length
    30                              <1> errSekErr   equ 25  ;Seek error
    31                              <1> errUnkMed   equ 26  ;Unknown media type
    32                              <1> errSecNF    equ 27  ;Sector not Found
    33                              <1> errNoPap    equ 28  ;Printer out of paper
    34                              <1> errWF       equ 29  ;Write fault
    35                              <1> errRF       equ 30  ;Read fault
    36                              <1> errGF       equ 31  ;General fault
    37                              <1> ;----------------------------------------------
    38                              <1> ;The following two go inbetween the Disk errors
    39                              <1> errShrVio   equ 32  ;Sharing violations
    40                              <1> errLokVio   equ 33  ;File Lock violation
    41                              <1> ;----------------------------------------------
    42                              <1> errIDC      equ 34  ;Driver code, Invalid Disk Change
    43                              <1> errNoFCB    equ 35  ;FCB unavailable
    44                              <1> errShrFul   equ 36  ;Sharing buffer full
    45                              <1> 
    46                              <1> errNoNet    equ 50  ;Network request not supported, generic net fail
    47                              <1> 
    48                              <1> errFilExist equ 80  ;File already exists
    49                              <1> errDirExist equ 82  ;Directory already exists
    50                              <1> errFI44     equ 83  ;Fail on Int 24h
    51                              <1> errRedir    equ 84  ;Too many levels of redirection
    52                              <1> errDupRedir equ 85  ;Trying to redirect a redirection
    53                              <1> errBadPass  equ 86  ;Bad password
    54                              <1> errBadParam equ 87  ;Bad parameter passed to request
    55                              <1> errNetWrite equ 88  ;Network Write Fault
    56                              <1> ;-----------------------------------------------------------------------------
    57                              <1> ;Error Loci
    58                              <1> eLocUnk     equ 1   ;Unknown locus, nonspecific or not appropriate
    59                              <1> eLocDsk     equ 2   ;Disk, related to Random Access to a disk or block device
    60                              <1> eLocNet     equ 3   ;Network related issues, shouldnt affect us (yet!)
    61                              <1> eLocChr     equ 4   ;Serial/Character Device error
    62                              <1> eLocMem     equ 5   ;Related to RAM
    63                              <1> ;-----------------------------------------------------------------------------
    64                              <1> ;Error Actions
    65                              <1> eActRet     equ 1   ;Retry
    66                              <1> eActDRet    equ 2   ;Delay then retry (Try again later)
    67                              <1> eActUsr     equ 3   ;Ask user to re-input data, i.e. bad filename or something
    68                              <1> eActAbt     equ 4   ;Abort with cleanup
    69                              <1> eActKil     equ 5   ;Abort without cleanup
    70                              <1> eActIgn     equ 6   ;Ignore error
    71                              <1> eActRetUsr  equ 7   ;Retry after user intervention (i.e swap remdev)
    72                              <1> ;-----------------------------------------------------------------------------
    73                              <1> ;Error classes
    74                              <1> eClsOoR     equ 1   ;Out of resources, no mem or handles
    75                              <1> eClsTS      equ 2   ;Temp sitch, should go away
    76                              <1> eClsAuth    equ 3   ;Authorisation, e.g. file permission error 
    77                              <1> eClsInt     equ 4   ;Internal DOS error or bug
    78                              <1> eClsHrdFlt  equ 5   ;Hardware Failure
    79                              <1> eClsSysFlt  equ 6   ;System Failure, i.e. missing or bad cfg files
    80                              <1> eClsAppFlt  equ 7   ;Application Program error, inconsistent requests etc...
    81                              <1> eClsNotFnd  equ 8   ;Resource not found (such as free SFT entry etc...)
    82                              <1> eClsBadFmt  equ 9   ;Bad format for resource
    83                              <1> eClsLocked  equ 10  ;Resource Locked
    84                              <1> eClsMedia   equ 11  ;Error is on medium, i.e. wrong or damaged remdev
    85                              <1> eClsClash   equ 12  ;Resource already exists!
    86                              <1> eClsUnk     equ 13  ;Unknown class
    14                                  touch:
    15                                  ;Temporarily used to update the date/time of a file or create it anew
    16 00000000 498DB081000000              lea rsi, qword [r8 + psp.progTail]
    17 00000007 31C9                        xor ecx, ecx    ;Clear the number of files updated count
    18                                  .lp:
    19 00000009 E885000000                  call skipDelims ;Goto the first non-delimiter char
    20 0000000E 3C0D                        cmp al, CR
    21 00000010 741F                        je .exit
    22 00000012 4889F2                      mov rdx, rsi    ;Point rdx to the start of the path
    23 00000015 E885000000                  call findDelimOrCR
    24 0000001A 31C0                        xor eax, eax
    25 0000001C 8606                        xchg al, byte [rsi] ;rsi points to the delim/CR char, so swap with null
    26 0000001E 50                          push rax
    27 0000001F 51                          push rcx
    28 00000020 E812000000                  call doTouch
    29 00000025 59                          pop rcx
    30 00000026 58                          pop rax
    31 00000027 7202                        jc .noIncCnt
    32 00000029 FFC1                        inc ecx
    33                                  .noIncCnt:
    34 0000002B 8606                        xchg byte [rsi], al ;replace the null with the original delimiter
    35 0000002D 3C0D                        cmp al, CR
    36 0000002F 75D8                        jne .lp
    37                                  .exit:
    38 00000031 B44C                        mov ah, 4Ch
    39 00000033 88C8                        mov al, cl  ;Retval is the number of files we updated
    40 00000035 CD21                        int 21h
    41                                  
    42                                  doTouch:
    43                                  ;Input: rdx -> Path to file to do magic to
    44                                  ;Output: CF=CY : File not updated
    45                                  ;        CF=NC : File updated
    46 00000037 B8005B0000                  mov eax, 5B00h  ;Create unique file 
    47 0000003C 31C9                        xor ecx, ecx
    48 0000003E CD21                        int 21h
    49 00000040 730D                        jnc .close
    50 00000042 3C50                        cmp al, errFilExist ;Does the file exist?
    51 00000044 7527                        jne .err        ;If not, this is a proper error!
    52 00000046 B8003D0000                  mov eax, 3D00h  ;R/O open instead to update the access time!!
    53 0000004B CD21                        int 21h
    54 0000004D 721E                        jc .err
    55                                  .close:
    56 0000004F 0FB7D8                      movzx ebx, ax   ;Save the handle here
    57 00000052 B80D120000                  mov eax, 120Dh  ;Get date/time words from the DOS
    58 00000057 CD2F                        int 2fh
    59 00000059 89C1                        mov ecx, eax    ;Move the time here
    60 0000005B 87D1                        xchg edx, ecx   ;Get them in the right place
    61 0000005D B801570000                  mov eax, 5701h  ;Set the date/time for bx
    62 00000062 CD21                        int 21h
    63 00000064 B8003E0000                  mov eax, 3e00h  ;Close file immediately
    64 00000069 CD21                        int 21h
    65 0000006B F8                          clc     ;Ensure we clear the flag in the even of Close not closing rn
    66                                      return  ;Returns CF=NC
    13                              <1> %%_ret:
    14 0000006C C3                  <1>  ret
    15                              <1> %assign retOff %%_ret-$$
    67                                  .err:
    68 0000006D 4889D7                      mov rdi, rdx
    69 00000070 B812120000                  mov eax, 1212h  ;Get the strlen for path pointed to in rdi in ecx
    70 00000075 CD2F                        int 2Fh
    71 00000077 BB01000000                  mov ebx, 1
    72 0000007C B800400000                  mov eax, 4000h  ;Write the path name 
    73 00000081 CD21                        int 21h
    74 00000083 488D1538000000              lea rdx, accDenStr  ;Append the access denied magic
    75 0000008A B800090000                  mov eax, 0900h
    76 0000008F CD21                        int 21h
    77 00000091 F9                          stc
    78                                      return
    13                              <1> %%_ret:
    14 00000092 C3                  <1>  ret
    15                              <1> %assign retOff %%_ret-$$
    79                                  
    80                                  skipDelims:
    81                                  ;Points rsi to the first non-delimiter char in a string, loads al with value
    82 00000093 AC                          lodsb
    83 00000094 E816000000                  call isALDelim
    84 00000099 74F8                        jz skipDelims
    85                                  ;Else, point rsi back to that char :)
    86 0000009B 48FFCE                      dec rsi
    87                                      return
    13                              <1> %%_ret:
    14 0000009E C3                  <1>  ret
    15                              <1> %assign retOff %%_ret-$$
    88                                  
    89                                  findDelimOrCR:
    90                                  ;Point rsi to the first delim or cmdtail terminator, loads al with value
    91 0000009F AC                          lodsb
    92 000000A0 E806000000                  call isALDelimOrCR
    93 000000A5 75F8                        jnz findDelimOrCR
    94 000000A7 48FFCE                      dec rsi ;Point back to the delim or CR char
    95                                      return
    13                              <1> %%_ret:
    14 000000AA C3                  <1>  ret
    15                              <1> %assign retOff %%_ret-$$
    96                                  
    97                                  isALDelimOrCR:
    98 000000AB 3C0D                        cmp al, CR
    99                                      rete
    49                              <1> cret e
    19                              <2> %%_base:
    20                              <2> %assign baseVar %%_base-$$
    21                              <2>  %ifdef retOff
    22                              <2>  %if (baseVar - retOff <= 126) && (baseVar > retOff)
    23                              <2>  %ifdef currSegVBase
    24                              <2>  j%+1 short (retOff+currSegVBase)
    25                              <2>  %else
    26 000000AD 74(AA)              <2>  j%+1 short retOff
    27                              <2>  %endif
    28                              <2>  %else
    29                              <2>  j%-1 short %%a
    30                              <2>  return
    31                              <2> %%a:
    32                              <2>  %endif
    33                              <2>  %else
    34                              <2>  j%-1 short %%a
    35                              <2>  return
    36                              <2> %%a:
    37                              <2>  %endif
   100                                  isALDelim:
   101 000000AF 3C20                        cmp al, SPC
   102                                      rete
    49                              <1> cret e
    19                              <2> %%_base:
    20                              <2> %assign baseVar %%_base-$$
    21                              <2>  %ifdef retOff
    22                              <2>  %if (baseVar - retOff <= 126) && (baseVar > retOff)
    23                              <2>  %ifdef currSegVBase
    24                              <2>  j%+1 short (retOff+currSegVBase)
    25                              <2>  %else
    26 000000B1 74(AA)              <2>  j%+1 short retOff
    27                              <2>  %endif
    28                              <2>  %else
    29                              <2>  j%-1 short %%a
    30                              <2>  return
    31                              <2> %%a:
    32                              <2>  %endif
    33                              <2>  %else
    34                              <2>  j%-1 short %%a
    35                              <2>  return
    36                              <2> %%a:
    37                              <2>  %endif
   103 000000B3 3C09                        cmp al, TAB
   104                                      rete
    49                              <1> cret e
    19                              <2> %%_base:
    20                              <2> %assign baseVar %%_base-$$
    21                              <2>  %ifdef retOff
    22                              <2>  %if (baseVar - retOff <= 126) && (baseVar > retOff)
    23                              <2>  %ifdef currSegVBase
    24                              <2>  j%+1 short (retOff+currSegVBase)
    25                              <2>  %else
    26 000000B5 74(AA)              <2>  j%+1 short retOff
    27                              <2>  %endif
    28                              <2>  %else
    29                              <2>  j%-1 short %%a
    30                              <2>  return
    31                              <2> %%a:
    32                              <2>  %endif
    33                              <2>  %else
    34                              <2>  j%-1 short %%a
    35                              <2>  return
    36                              <2> %%a:
    37                              <2>  %endif
   105 000000B7 3C3D                        cmp al, "="
   106                                      rete
    49                              <1> cret e
    19                              <2> %%_base:
    20                              <2> %assign baseVar %%_base-$$
    21                              <2>  %ifdef retOff
    22                              <2>  %if (baseVar - retOff <= 126) && (baseVar > retOff)
    23                              <2>  %ifdef currSegVBase
    24                              <2>  j%+1 short (retOff+currSegVBase)
    25                              <2>  %else
    26 000000B9 74(AA)              <2>  j%+1 short retOff
    27                              <2>  %endif
    28                              <2>  %else
    29                              <2>  j%-1 short %%a
    30                              <2>  return
    31                              <2> %%a:
    32                              <2>  %endif
    33                              <2>  %else
    34                              <2>  j%-1 short %%a
    35                              <2>  return
    36                              <2> %%a:
    37                              <2>  %endif
   107 000000BB 3C2C                        cmp al, ","
   108                                      rete
    49                              <1> cret e
    19                              <2> %%_base:
    20                              <2> %assign baseVar %%_base-$$
    21                              <2>  %ifdef retOff
    22                              <2>  %if (baseVar - retOff <= 126) && (baseVar > retOff)
    23                              <2>  %ifdef currSegVBase
    24                              <2>  j%+1 short (retOff+currSegVBase)
    25                              <2>  %else
    26 000000BD 74(AA)              <2>  j%+1 short retOff
    27                              <2>  %endif
    28                              <2>  %else
    29                              <2>  j%-1 short %%a
    30                              <2>  return
    31                              <2> %%a:
    32                              <2>  %endif
    33                              <2>  %else
    34                              <2>  j%-1 short %%a
    35                              <2>  return
    36                              <2> %%a:
    37                              <2>  %endif
   109 000000BF 3C3B                        cmp al, ";"
   110                                      return
    13                              <1> %%_ret:
    14 000000C1 C3                  <1>  ret
    15                              <1> %assign retOff %%_ret-$$
   111                                  
   112 000000C2 202D2D204163636573-     accDenStr db " -- Access denied",CR,LF,"$" 
   112 000000CB 732064656E6965640D-
   112 000000D4 0A24               
   112          ------------------       info: assembly required 1+2+2 passes

